2026-04-21T07:30:30.946437+0000 | INFO | src.logger:21 | Fichier de logs crée avec succée début du traitement du pipeline
2026-04-21T07:30:30.946820+0000 | INFO | src.extract:20 | Début de l'extraction des données depuis la data base
2026-04-21T07:30:31.054328+0000 | INFO | src.extract:24 | testing connection !
2026-04-21T07:30:31.072168+0000 | SUCCESS | src.extract:26 | ✅ Connexion à la base de donnée éffectué avec succée
2026-04-21T07:30:31.073000+0000 | INFO | src.extract:28 | ✅ Extraction des données depuis la base reussi
2026-04-21T07:30:31.083189+0000 | INFO | src.clean_data:12 | Début du néttoyage des données brutes reçus
2026-04-21T07:30:31.085436+0000 | INFO | src.clean_data:14 | Copie des données brutes reçu effectué
2026-04-21T07:30:31.113568+0000 | INFO | src.clean_data:34 | Création du fichier csv des données propres avec succée : clean_data_ventes_janvier_21-04-2026_07-30.csv
2026-04-21T07:30:31.113975+0000 | INFO | src.features:11 | Début des features pour l'enrichissement du dataframe
2026-04-21T07:30:31.127543+0000 | INFO | src.features:30 | Fini avec les features
2026-04-21T07:30:31.127798+0000 | INFO | src.analysis.analysis_produit:12 | Début des aggrégations par produits
2026-04-21T07:30:31.133594+0000 | INFO | src.analysis.analysis_produit:29 | Aggrégations par produits éffectué avec succées
2026-04-21T07:30:31.133827+0000 | INFO | src.analysis.analysis_region:13 | Début des aggrégations par régions
2026-04-21T07:30:31.137868+0000 | INFO | src.analysis.analysis_region:30 | Aggrégations par régions éffectué avec succées
2026-04-21T07:30:31.138083+0000 | INFO | src.analysis.analysis_jours:11 | Début des aggrégations par jous
2026-04-21T07:30:31.143808+0000 | INFO | src.analysis.analysis_jours:29 | Aggrégations par jours éffectué avec succées
2026-04-21T07:30:31.144411+0000 | INFO | src.rapport_excel:16 | Lancement de la fonction de génération du rapport
2026-04-21T07:30:31.230984+0000 | INFO | src.rapport_excel:18 | Création du contexte manager et création du fichier Excel
2026-04-21T07:30:31.231359+0000 | INFO | src.rapport_excel:42 | Création de la feuille Données Brutes
2026-04-21T07:30:31.258962+0000 | INFO | src.rapport_excel:48 | Application de la mise en forme du header pour la feuille Données Brutes
2026-04-21T07:30:31.259269+0000 | INFO | src.rapport_excel:51 | Application de l'auto filtre sur la feuille Données Brutes
2026-04-21T07:30:31.259418+0000 | INFO | src.rapport_excel:54 | Fixation du header pour la feuille Données Brutes
2026-04-21T07:30:31.259553+0000 | INFO | src.rapport_excel:42 | Création de la feuille Données Néttoyées
2026-04-21T07:30:31.291791+0000 | INFO | src.rapport_excel:48 | Application de la mise en forme du header pour la feuille Données Néttoyées
2026-04-21T07:30:31.292059+0000 | INFO | src.rapport_excel:51 | Application de l'auto filtre sur la feuille Données Néttoyées
2026-04-21T07:30:31.292193+0000 | INFO | src.rapport_excel:54 | Fixation du header pour la feuille Données Néttoyées
2026-04-21T07:30:31.293206+0000 | INFO | src.rapport_excel:61 | Calcule de la largeur des cellules automatquement
2026-04-21T07:30:31.293374+0000 | INFO | src.rapport_excel:62 | Application des divers formatages pour la feuille Données Néttoyées
2026-04-21T07:30:31.294156+0000 | INFO | src.rapport_excel:61 | Calcule de la largeur des cellules automatquement
2026-04-21T07:30:31.294335+0000 | INFO | src.rapport_excel:62 | Application des divers formatages pour la feuille Données Néttoyées
2026-04-21T07:30:31.294991+0000 | INFO | src.rapport_excel:61 | Calcule de la largeur des cellules automatquement
2026-04-21T07:30:31.295131+0000 | INFO | src.rapport_excel:62 | Application des divers formatages pour la feuille Données Néttoyées
2026-04-21T07:30:31.295873+0000 | INFO | src.rapport_excel:61 | Calcule de la largeur des cellules automatquement
2026-04-21T07:30:31.296012+0000 | INFO | src.rapport_excel:62 | Application des divers formatages pour la feuille Données Néttoyées
2026-04-21T07:30:31.296825+0000 | INFO | src.rapport_excel:61 | Calcule de la largeur des cellules automatquement
2026-04-21T07:30:31.297035+0000 | INFO | src.rapport_excel:62 | Application des divers formatages pour la feuille Données Néttoyées
2026-04-21T07:30:31.297842+0000 | INFO | src.rapport_excel:61 | Calcule de la largeur des cellules automatquement
2026-04-21T07:30:31.297985+0000 | INFO | src.rapport_excel:62 | Application des divers formatages pour la feuille Données Néttoyées
2026-04-21T07:30:31.298911+0000 | INFO | src.rapport_excel:61 | Calcule de la largeur des cellules automatquement
2026-04-21T07:30:31.299051+0000 | INFO | src.rapport_excel:62 | Application des divers formatages pour la feuille Données Néttoyées
2026-04-21T07:30:31.299717+0000 | INFO | src.rapport_excel:61 | Calcule de la largeur des cellules automatquement
2026-04-21T07:30:31.299860+0000 | INFO | src.rapport_excel:62 | Application des divers formatages pour la feuille Données Néttoyées
2026-04-21T07:30:31.300628+0000 | INFO | src.rapport_excel:61 | Calcule de la largeur des cellules automatquement
2026-04-21T07:30:31.300769+0000 | INFO | src.rapport_excel:62 | Application des divers formatages pour la feuille Données Néttoyées
2026-04-21T07:30:31.301531+0000 | INFO | src.rapport_excel:61 | Calcule de la largeur des cellules automatquement
2026-04-21T07:30:31.301672+0000 | INFO | src.rapport_excel:62 | Application des divers formatages pour la feuille Données Néttoyées
2026-04-21T07:30:31.302424+0000 | INFO | src.rapport_excel:61 | Calcule de la largeur des cellules automatquement
2026-04-21T07:30:31.302564+0000 | INFO | src.rapport_excel:62 | Application des divers formatages pour la feuille Données Néttoyées
2026-04-21T07:30:31.303423+0000 | INFO | src.rapport_excel:61 | Calcule de la largeur des cellules automatquement
2026-04-21T07:30:31.303564+0000 | INFO | src.rapport_excel:62 | Application des divers formatages pour la feuille Données Néttoyées
2026-04-21T07:30:31.303776+0000 | INFO | src.rapport_excel:42 | Création de la feuille Données Par Produit
2026-04-21T07:30:31.305466+0000 | INFO | src.rapport_excel:48 | Application de la mise en forme du header pour la feuille Données Par Produit
2026-04-21T07:30:31.305792+0000 | INFO | src.rapport_excel:51 | Application de l'auto filtre sur la feuille Données Par Produit
2026-04-21T07:30:31.306032+0000 | INFO | src.rapport_excel:54 | Fixation du header pour la feuille Données Par Produit
2026-04-21T07:30:31.306757+0000 | INFO | src.rapport_excel:61 | Calcule de la largeur des cellules automatquement
2026-04-21T07:30:31.306901+0000 | INFO | src.rapport_excel:62 | Application des divers formatages pour la feuille Données Par Produit
2026-04-21T07:30:31.307542+0000 | INFO | src.rapport_excel:61 | Calcule de la largeur des cellules automatquement
2026-04-21T07:30:31.307683+0000 | INFO | src.rapport_excel:62 | Application des divers formatages pour la feuille Données Par Produit
2026-04-21T07:30:31.308268+0000 | INFO | src.rapport_excel:61 | Calcule de la largeur des cellules automatquement
2026-04-21T07:30:31.308406+0000 | INFO | src.rapport_excel:62 | Application des divers formatages pour la feuille Données Par Produit
2026-04-21T07:30:31.309011+0000 | INFO | src.rapport_excel:61 | Calcule de la largeur des cellules automatquement
2026-04-21T07:30:31.309162+0000 | INFO | src.rapport_excel:62 | Application des divers formatages pour la feuille Données Par Produit
2026-04-21T07:30:31.309721+0000 | INFO | src.rapport_excel:61 | Calcule de la largeur des cellules automatquement
2026-04-21T07:30:31.309860+0000 | INFO | src.rapport_excel:62 | Application des divers formatages pour la feuille Données Par Produit
2026-04-21T07:30:31.310476+0000 | INFO | src.rapport_excel:61 | Calcule de la largeur des cellules automatquement
2026-04-21T07:30:31.310613+0000 | INFO | src.rapport_excel:62 | Application des divers formatages pour la feuille Données Par Produit
2026-04-21T07:30:31.311359+0000 | INFO | src.rapport_excel:42 | Création de la feuille Données Par Région
2026-04-21T07:30:31.312683+0000 | INFO | src.rapport_excel:48 | Application de la mise en forme du header pour la feuille Données Par Région
2026-04-21T07:30:31.312855+0000 | INFO | src.rapport_excel:51 | Application de l'auto filtre sur la feuille Données Par Région
2026-04-21T07:30:31.312991+0000 | INFO | src.rapport_excel:54 | Fixation du header pour la feuille Données Par Région
2026-04-21T07:30:31.313563+0000 | INFO | src.rapport_excel:61 | Calcule de la largeur des cellules automatquement
2026-04-21T07:30:31.313703+0000 | INFO | src.rapport_excel:62 | Application des divers formatages pour la feuille Données Par Région
2026-04-21T07:30:31.314322+0000 | INFO | src.rapport_excel:61 | Calcule de la largeur des cellules automatquement
2026-04-21T07:30:31.314473+0000 | INFO | src.rapport_excel:62 | Application des divers formatages pour la feuille Données Par Région
2026-04-21T07:30:31.315039+0000 | INFO | src.rapport_excel:61 | Calcule de la largeur des cellules automatquement
2026-04-21T07:30:31.315176+0000 | INFO | src.rapport_excel:62 | Application des divers formatages pour la feuille Données Par Région
2026-04-21T07:30:31.315767+0000 | INFO | src.rapport_excel:61 | Calcule de la largeur des cellules automatquement
2026-04-21T07:30:31.315907+0000 | INFO | src.rapport_excel:62 | Application des divers formatages pour la feuille Données Par Région
2026-04-21T07:30:31.316487+0000 | INFO | src.rapport_excel:61 | Calcule de la largeur des cellules automatquement
2026-04-21T07:30:31.316636+0000 | INFO | src.rapport_excel:62 | Application des divers formatages pour la feuille Données Par Région
2026-04-21T07:30:31.317227+0000 | INFO | src.rapport_excel:61 | Calcule de la largeur des cellules automatquement
2026-04-21T07:30:31.317365+0000 | INFO | src.rapport_excel:62 | Application des divers formatages pour la feuille Données Par Région
2026-04-21T07:30:31.318083+0000 | INFO | src.rapport_excel:42 | Création de la feuille Données Par Jour
2026-04-21T07:30:31.319525+0000 | INFO | src.rapport_excel:48 | Application de la mise en forme du header pour la feuille Données Par Jour
2026-04-21T07:30:31.319691+0000 | INFO | src.rapport_excel:51 | Application de l'auto filtre sur la feuille Données Par Jour
2026-04-21T07:30:31.319819+0000 | INFO | src.rapport_excel:54 | Fixation du header pour la feuille Données Par Jour
2026-04-21T07:30:31.320400+0000 | INFO | src.rapport_excel:61 | Calcule de la largeur des cellules automatquement
2026-04-21T07:30:31.320539+0000 | INFO | src.rapport_excel:62 | Application des divers formatages pour la feuille Données Par Jour
2026-04-21T07:30:31.321244+0000 | INFO | src.rapport_excel:61 | Calcule de la largeur des cellules automatquement
2026-04-21T07:30:31.321404+0000 | INFO | src.rapport_excel:62 | Application des divers formatages pour la feuille Données Par Jour
2026-04-21T07:30:31.322486+0000 | INFO | src.rapport_excel:61 | Calcule de la largeur des cellules automatquement
2026-04-21T07:30:31.322771+0000 | INFO | src.rapport_excel:62 | Application des divers formatages pour la feuille Données Par Jour
2026-04-21T07:30:31.323538+0000 | INFO | src.rapport_excel:61 | Calcule de la largeur des cellules automatquement
2026-04-21T07:30:31.323695+0000 | INFO | src.rapport_excel:62 | Application des divers formatages pour la feuille Données Par Jour
2026-04-21T07:30:31.324301+0000 | INFO | src.rapport_excel:61 | Calcule de la largeur des cellules automatquement
2026-04-21T07:30:31.324442+0000 | INFO | src.rapport_excel:62 | Application des divers formatages pour la feuille Données Par Jour
2026-04-21T07:30:31.325058+0000 | INFO | src.rapport_excel:61 | Calcule de la largeur des cellules automatquement
2026-04-21T07:30:31.325196+0000 | INFO | src.rapport_excel:62 | Application des divers formatages pour la feuille Données Par Jour
2026-04-21T07:30:31.325805+0000 | INFO | src.rapport_excel:61 | Calcule de la largeur des cellules automatquement
2026-04-21T07:30:31.325943+0000 | INFO | src.rapport_excel:62 | Application des divers formatages pour la feuille Données Par Jour
