2026-04-22T16:07:14.991151+0000 | INFO | src.logger:21 | Fichier de logs crée avec succée début du traitement du pipeline
2026-04-22T16:07:14.991519+0000 | INFO | src.extract:20 | Début de l'extraction des données depuis la data base
2026-04-22T16:07:15.088427+0000 | INFO | src.extract:24 | testing connection !
2026-04-22T16:07:15.104281+0000 | SUCCESS | src.extract:26 | ✅ Connexion à la base de donnée éffectué avec succée
2026-04-22T16:07:15.104684+0000 | INFO | src.extract:28 | ✅ Extraction des données depuis la base reussi
2026-04-22T16:07:15.114274+0000 | INFO | src.clean_data:12 | Début du néttoyage des données brutes reçus
2026-04-22T16:07:15.116144+0000 | INFO | src.clean_data:14 | Copie des données brutes reçu effectué
2026-04-22T16:07:15.147838+0000 | INFO | src.clean_data:32 | Création du fichier csv des données propres avec succée : clean_data_ventes_janvier_22-04-2026_16-07.csv
2026-04-22T16:07:15.148190+0000 | INFO | src.features:11 | Début des features pour l'enrichissement du dataframe
2026-04-22T16:07:15.153803+0000 | INFO | src.features:30 | Fini avec les features
2026-04-22T16:07:15.154038+0000 | INFO | src.analysis.analysis_produit:12 | Début des aggrégations par produits
2026-04-22T16:07:15.159272+0000 | INFO | src.analysis.analysis_produit:29 | Aggrégations par produits éffectué avec succées
2026-04-22T16:07:15.159602+0000 | INFO | src.analysis.analysis_region:13 | Début des aggrégations par régions
2026-04-22T16:07:15.163775+0000 | INFO | src.analysis.analysis_region:30 | Aggrégations par régions éffectué avec succées
2026-04-22T16:07:15.163991+0000 | INFO | src.analysis.analysis_jours:11 | Début des aggrégations par jous
2026-04-22T16:07:15.167614+0000 | INFO | src.analysis.analysis_jours:29 | Aggrégations par jours éffectué avec succées
2026-04-22T16:07:15.168101+0000 | INFO | src.rapport_excel:16 | Lancement de la fonction de génération du rapport
2026-04-22T16:07:15.263338+0000 | INFO | src.rapport_excel:18 | Création du contexte manager et création du fichier Excel
2026-04-22T16:07:15.263737+0000 | INFO | src.rapport_excel:48 | Création de la feuille Données Brutes
2026-04-22T16:07:15.295161+0000 | INFO | src.rapport_excel:54 | Application de la mise en forme du header pour la feuille Données Brutes
2026-04-22T16:07:15.295455+0000 | INFO | src.rapport_excel:57 | Application de l'auto filtre sur la feuille Données Brutes
2026-04-22T16:07:15.295592+0000 | INFO | src.rapport_excel:60 | Fixation du header pour la feuille Données Brutes
2026-04-22T16:07:15.295715+0000 | INFO | src.rapport_excel:48 | Création de la feuille Données Néttoyées
2026-04-22T16:07:15.327606+0000 | INFO | src.rapport_excel:54 | Application de la mise en forme du header pour la feuille Données Néttoyées
2026-04-22T16:07:15.327890+0000 | INFO | src.rapport_excel:57 | Application de l'auto filtre sur la feuille Données Néttoyées
2026-04-22T16:07:15.328050+0000 | INFO | src.rapport_excel:60 | Fixation du header pour la feuille Données Néttoyées
2026-04-22T16:07:15.329167+0000 | INFO | src.rapport_excel:67 | Calcule de la largeur des cellules automatquement
2026-04-22T16:07:15.329320+0000 | INFO | src.rapport_excel:68 | Application des divers formatages pour la feuille Données Néttoyées
2026-04-22T16:07:15.329970+0000 | INFO | src.rapport_excel:67 | Calcule de la largeur des cellules automatquement
2026-04-22T16:07:15.330111+0000 | INFO | src.rapport_excel:68 | Application des divers formatages pour la feuille Données Néttoyées
2026-04-22T16:07:15.330726+0000 | INFO | src.rapport_excel:67 | Calcule de la largeur des cellules automatquement
2026-04-22T16:07:15.330865+0000 | INFO | src.rapport_excel:68 | Application des divers formatages pour la feuille Données Néttoyées
2026-04-22T16:07:15.331579+0000 | INFO | src.rapport_excel:67 | Calcule de la largeur des cellules automatquement
2026-04-22T16:07:15.331718+0000 | INFO | src.rapport_excel:68 | Application des divers formatages pour la feuille Données Néttoyées
2026-04-22T16:07:15.332530+0000 | INFO | src.rapport_excel:67 | Calcule de la largeur des cellules automatquement
2026-04-22T16:07:15.332739+0000 | INFO | src.rapport_excel:68 | Application des divers formatages pour la feuille Données Néttoyées
2026-04-22T16:07:15.333492+0000 | INFO | src.rapport_excel:67 | Calcule de la largeur des cellules automatquement
2026-04-22T16:07:15.333652+0000 | INFO | src.rapport_excel:68 | Application des divers formatages pour la feuille Données Néttoyées
2026-04-22T16:07:15.334661+0000 | INFO | src.rapport_excel:67 | Calcule de la largeur des cellules automatquement
2026-04-22T16:07:15.334825+0000 | INFO | src.rapport_excel:68 | Application des divers formatages pour la feuille Données Néttoyées
2026-04-22T16:07:15.335456+0000 | INFO | src.rapport_excel:67 | Calcule de la largeur des cellules automatquement
2026-04-22T16:07:15.335594+0000 | INFO | src.rapport_excel:68 | Application des divers formatages pour la feuille Données Néttoyées
2026-04-22T16:07:15.336392+0000 | INFO | src.rapport_excel:67 | Calcule de la largeur des cellules automatquement
2026-04-22T16:07:15.336539+0000 | INFO | src.rapport_excel:68 | Application des divers formatages pour la feuille Données Néttoyées
2026-04-22T16:07:15.337271+0000 | INFO | src.rapport_excel:67 | Calcule de la largeur des cellules automatquement
2026-04-22T16:07:15.337411+0000 | INFO | src.rapport_excel:68 | Application des divers formatages pour la feuille Données Néttoyées
2026-04-22T16:07:15.338132+0000 | INFO | src.rapport_excel:67 | Calcule de la largeur des cellules automatquement
2026-04-22T16:07:15.338272+0000 | INFO | src.rapport_excel:68 | Application des divers formatages pour la feuille Données Néttoyées
2026-04-22T16:07:15.339098+0000 | INFO | src.rapport_excel:67 | Calcule de la largeur des cellules automatquement
2026-04-22T16:07:15.339239+0000 | INFO | src.rapport_excel:68 | Application des divers formatages pour la feuille Données Néttoyées
2026-04-22T16:07:15.339576+0000 | INFO | src.rapport_excel:48 | Création de la feuille Données Par Produit
2026-04-22T16:07:15.340750+0000 | INFO | src.rapport_excel:54 | Application de la mise en forme du header pour la feuille Données Par Produit
2026-04-22T16:07:15.340953+0000 | INFO | src.rapport_excel:57 | Application de l'auto filtre sur la feuille Données Par Produit
2026-04-22T16:07:15.341081+0000 | INFO | src.rapport_excel:60 | Fixation du header pour la feuille Données Par Produit
2026-04-22T16:07:15.341750+0000 | INFO | src.rapport_excel:67 | Calcule de la largeur des cellules automatquement
2026-04-22T16:07:15.341890+0000 | INFO | src.rapport_excel:68 | Application des divers formatages pour la feuille Données Par Produit
2026-04-22T16:07:15.342680+0000 | INFO | src.rapport_excel:67 | Calcule de la largeur des cellules automatquement
2026-04-22T16:07:15.342832+0000 | INFO | src.rapport_excel:68 | Application des divers formatages pour la feuille Données Par Produit
2026-04-22T16:07:15.343475+0000 | INFO | src.rapport_excel:67 | Calcule de la largeur des cellules automatquement
2026-04-22T16:07:15.343629+0000 | INFO | src.rapport_excel:68 | Application des divers formatages pour la feuille Données Par Produit
2026-04-22T16:07:15.344285+0000 | INFO | src.rapport_excel:67 | Calcule de la largeur des cellules automatquement
2026-04-22T16:07:15.344424+0000 | INFO | src.rapport_excel:68 | Application des divers formatages pour la feuille Données Par Produit
2026-04-22T16:07:15.345044+0000 | INFO | src.rapport_excel:67 | Calcule de la largeur des cellules automatquement
2026-04-22T16:07:15.345180+0000 | INFO | src.rapport_excel:68 | Application des divers formatages pour la feuille Données Par Produit
2026-04-22T16:07:15.345807+0000 | INFO | src.rapport_excel:67 | Calcule de la largeur des cellules automatquement
2026-04-22T16:07:15.345944+0000 | INFO | src.rapport_excel:68 | Application des divers formatages pour la feuille Données Par Produit
2026-04-22T16:07:15.346675+0000 | INFO | src.rapport_excel:48 | Création de la feuille Données Par Région
2026-04-22T16:07:15.347959+0000 | INFO | src.rapport_excel:54 | Application de la mise en forme du header pour la feuille Données Par Région
2026-04-22T16:07:15.348146+0000 | INFO | src.rapport_excel:57 | Application de l'auto filtre sur la feuille Données Par Région
2026-04-22T16:07:15.348277+0000 | INFO | src.rapport_excel:60 | Fixation du header pour la feuille Données Par Région
2026-04-22T16:07:15.348972+0000 | INFO | src.rapport_excel:67 | Calcule de la largeur des cellules automatquement
2026-04-22T16:07:15.349130+0000 | INFO | src.rapport_excel:68 | Application des divers formatages pour la feuille Données Par Région
2026-04-22T16:07:15.349805+0000 | INFO | src.rapport_excel:67 | Calcule de la largeur des cellules automatquement
2026-04-22T16:07:15.349947+0000 | INFO | src.rapport_excel:68 | Application des divers formatages pour la feuille Données Par Région
2026-04-22T16:07:15.350571+0000 | INFO | src.rapport_excel:67 | Calcule de la largeur des cellules automatquement
2026-04-22T16:07:15.350708+0000 | INFO | src.rapport_excel:68 | Application des divers formatages pour la feuille Données Par Région
2026-04-22T16:07:15.351330+0000 | INFO | src.rapport_excel:67 | Calcule de la largeur des cellules automatquement
2026-04-22T16:07:15.351467+0000 | INFO | src.rapport_excel:68 | Application des divers formatages pour la feuille Données Par Région
2026-04-22T16:07:15.352167+0000 | INFO | src.rapport_excel:67 | Calcule de la largeur des cellules automatquement
2026-04-22T16:07:15.352348+0000 | INFO | src.rapport_excel:68 | Application des divers formatages pour la feuille Données Par Région
2026-04-22T16:07:15.353107+0000 | INFO | src.rapport_excel:67 | Calcule de la largeur des cellules automatquement
2026-04-22T16:07:15.353250+0000 | INFO | src.rapport_excel:68 | Application des divers formatages pour la feuille Données Par Région
2026-04-22T16:07:15.353794+0000 | INFO | src.rapport_excel:48 | Création de la feuille Données Par Jour
2026-04-22T16:07:15.355288+0000 | INFO | src.rapport_excel:54 | Application de la mise en forme du header pour la feuille Données Par Jour
2026-04-22T16:07:15.355469+0000 | INFO | src.rapport_excel:57 | Application de l'auto filtre sur la feuille Données Par Jour
2026-04-22T16:07:15.355597+0000 | INFO | src.rapport_excel:60 | Fixation du header pour la feuille Données Par Jour
2026-04-22T16:07:15.356294+0000 | INFO | src.rapport_excel:67 | Calcule de la largeur des cellules automatquement
2026-04-22T16:07:15.356433+0000 | INFO | src.rapport_excel:68 | Application des divers formatages pour la feuille Données Par Jour
2026-04-22T16:07:15.357064+0000 | INFO | src.rapport_excel:67 | Calcule de la largeur des cellules automatquement
2026-04-22T16:07:15.357236+0000 | INFO | src.rapport_excel:68 | Application des divers formatages pour la feuille Données Par Jour
2026-04-22T16:07:15.357900+0000 | INFO | src.rapport_excel:67 | Calcule de la largeur des cellules automatquement
2026-04-22T16:07:15.358040+0000 | INFO | src.rapport_excel:68 | Application des divers formatages pour la feuille Données Par Jour
2026-04-22T16:07:15.358659+0000 | INFO | src.rapport_excel:67 | Calcule de la largeur des cellules automatquement
2026-04-22T16:07:15.358815+0000 | INFO | src.rapport_excel:68 | Application des divers formatages pour la feuille Données Par Jour
2026-04-22T16:07:15.359506+0000 | INFO | src.rapport_excel:67 | Calcule de la largeur des cellules automatquement
2026-04-22T16:07:15.359650+0000 | INFO | src.rapport_excel:68 | Application des divers formatages pour la feuille Données Par Jour
2026-04-22T16:07:15.360273+0000 | INFO | src.rapport_excel:67 | Calcule de la largeur des cellules automatquement
2026-04-22T16:07:15.360411+0000 | INFO | src.rapport_excel:68 | Application des divers formatages pour la feuille Données Par Jour
2026-04-22T16:07:15.361035+0000 | INFO | src.rapport_excel:67 | Calcule de la largeur des cellules automatquement
2026-04-22T16:07:15.361173+0000 | INFO | src.rapport_excel:68 | Application des divers formatages pour la feuille Données Par Jour
2026-04-22T16:07:15.533192+0000 | SUCCESS | src.rapport_excel:202 | Fichier de rapport Excel crée avec succée à : rapport_excel\rapport_excel_ventes_janvier_22-04-2026_16-07.xlsx
