2026-04-22T15:46:45.700205+0000 | INFO | src.logger:21 | Fichier de logs crée avec succée début du traitement du pipeline
2026-04-22T15:46:45.700613+0000 | INFO | src.extract:20 | Début de l'extraction des données depuis la data base
2026-04-22T15:46:45.794681+0000 | INFO | src.extract:24 | testing connection !
2026-04-22T15:46:45.810846+0000 | SUCCESS | src.extract:26 | ✅ Connexion à la base de donnée éffectué avec succée
2026-04-22T15:46:45.811304+0000 | INFO | src.extract:28 | ✅ Extraction des données depuis la base reussi
2026-04-22T15:46:45.821964+0000 | INFO | src.clean_data:12 | Début du néttoyage des données brutes reçus
2026-04-22T15:46:45.824923+0000 | INFO | src.clean_data:14 | Copie des données brutes reçu effectué
2026-04-22T15:46:45.856769+0000 | INFO | src.clean_data:32 | Création du fichier csv des données propres avec succée : clean_data_ventes_janvier_22-04-2026_15-46.csv
2026-04-22T15:46:45.857101+0000 | INFO | src.features:11 | Début des features pour l'enrichissement du dataframe
2026-04-22T15:46:45.866689+0000 | INFO | src.features:30 | Fini avec les features
2026-04-22T15:46:45.866962+0000 | INFO | src.analysis.analysis_produit:12 | Début des aggrégations par produits
2026-04-22T15:46:45.877322+0000 | INFO | src.analysis.analysis_produit:29 | Aggrégations par produits éffectué avec succées
2026-04-22T15:46:45.877674+0000 | INFO | src.analysis.analysis_region:13 | Début des aggrégations par régions
2026-04-22T15:46:45.885900+0000 | INFO | src.analysis.analysis_region:30 | Aggrégations par régions éffectué avec succées
2026-04-22T15:46:45.886161+0000 | INFO | src.analysis.analysis_jours:11 | Début des aggrégations par jous
2026-04-22T15:46:45.894235+0000 | INFO | src.analysis.analysis_jours:29 | Aggrégations par jours éffectué avec succées
2026-04-22T15:46:45.895362+0000 | INFO | src.rapport_excel:16 | Lancement de la fonction de génération du rapport
2026-04-22T15:46:46.015721+0000 | INFO | src.rapport_excel:18 | Création du contexte manager et création du fichier Excel
2026-04-22T15:46:46.016109+0000 | INFO | src.rapport_excel:48 | Création de la feuille Données Brutes
2026-04-22T15:46:46.056243+0000 | INFO | src.rapport_excel:54 | Application de la mise en forme du header pour la feuille Données Brutes
2026-04-22T15:46:46.056558+0000 | INFO | src.rapport_excel:57 | Application de l'auto filtre sur la feuille Données Brutes
2026-04-22T15:46:46.056706+0000 | INFO | src.rapport_excel:60 | Fixation du header pour la feuille Données Brutes
2026-04-22T15:46:46.056840+0000 | INFO | src.rapport_excel:48 | Création de la feuille Données Néttoyées
2026-04-22T15:46:46.101568+0000 | INFO | src.rapport_excel:54 | Application de la mise en forme du header pour la feuille Données Néttoyées
2026-04-22T15:46:46.101865+0000 | INFO | src.rapport_excel:57 | Application de l'auto filtre sur la feuille Données Néttoyées
2026-04-22T15:46:46.102013+0000 | INFO | src.rapport_excel:60 | Fixation du header pour la feuille Données Néttoyées
2026-04-22T15:46:46.103232+0000 | INFO | src.rapport_excel:67 | Calcule de la largeur des cellules automatquement
2026-04-22T15:46:46.103392+0000 | INFO | src.rapport_excel:68 | Application des divers formatages pour la feuille Données Néttoyées
2026-04-22T15:46:46.104105+0000 | INFO | src.rapport_excel:67 | Calcule de la largeur des cellules automatquement
2026-04-22T15:46:46.104260+0000 | INFO | src.rapport_excel:68 | Application des divers formatages pour la feuille Données Néttoyées
2026-04-22T15:46:46.104972+0000 | INFO | src.rapport_excel:67 | Calcule de la largeur des cellules automatquement
2026-04-22T15:46:46.105140+0000 | INFO | src.rapport_excel:68 | Application des divers formatages pour la feuille Données Néttoyées
2026-04-22T15:46:46.105971+0000 | INFO | src.rapport_excel:67 | Calcule de la largeur des cellules automatquement
2026-04-22T15:46:46.106124+0000 | INFO | src.rapport_excel:68 | Application des divers formatages pour la feuille Données Néttoyées
2026-04-22T15:46:46.106962+0000 | INFO | src.rapport_excel:67 | Calcule de la largeur des cellules automatquement
2026-04-22T15:46:46.107183+0000 | INFO | src.rapport_excel:68 | Application des divers formatages pour la feuille Données Néttoyées
2026-04-22T15:46:46.107997+0000 | INFO | src.rapport_excel:67 | Calcule de la largeur des cellules automatquement
2026-04-22T15:46:46.108151+0000 | INFO | src.rapport_excel:68 | Application des divers formatages pour la feuille Données Néttoyées
2026-04-22T15:46:46.109882+0000 | INFO | src.rapport_excel:67 | Calcule de la largeur des cellules automatquement
2026-04-22T15:46:46.110274+0000 | INFO | src.rapport_excel:68 | Application des divers formatages pour la feuille Données Néttoyées
2026-04-22T15:46:46.111777+0000 | INFO | src.rapport_excel:67 | Calcule de la largeur des cellules automatquement
2026-04-22T15:46:46.112082+0000 | INFO | src.rapport_excel:68 | Application des divers formatages pour la feuille Données Néttoyées
2026-04-22T15:46:46.113561+0000 | INFO | src.rapport_excel:67 | Calcule de la largeur des cellules automatquement
2026-04-22T15:46:46.113782+0000 | INFO | src.rapport_excel:68 | Application des divers formatages pour la feuille Données Néttoyées
2026-04-22T15:46:46.114643+0000 | INFO | src.rapport_excel:67 | Calcule de la largeur des cellules automatquement
2026-04-22T15:46:46.114804+0000 | INFO | src.rapport_excel:68 | Application des divers formatages pour la feuille Données Néttoyées
2026-04-22T15:46:46.115808+0000 | INFO | src.rapport_excel:67 | Calcule de la largeur des cellules automatquement
2026-04-22T15:46:46.115997+0000 | INFO | src.rapport_excel:68 | Application des divers formatages pour la feuille Données Néttoyées
2026-04-22T15:46:46.116958+0000 | INFO | src.rapport_excel:67 | Calcule de la largeur des cellules automatquement
2026-04-22T15:46:46.117115+0000 | INFO | src.rapport_excel:68 | Application des divers formatages pour la feuille Données Néttoyées
2026-04-22T15:46:46.117494+0000 | INFO | src.rapport_excel:48 | Création de la feuille Données Par Produit
2026-04-22T15:46:46.118949+0000 | INFO | src.rapport_excel:54 | Application de la mise en forme du header pour la feuille Données Par Produit
2026-04-22T15:46:46.119139+0000 | INFO | src.rapport_excel:57 | Application de l'auto filtre sur la feuille Données Par Produit
2026-04-22T15:46:46.119284+0000 | INFO | src.rapport_excel:60 | Fixation du header pour la feuille Données Par Produit
2026-04-22T15:46:46.120045+0000 | INFO | src.rapport_excel:67 | Calcule de la largeur des cellules automatquement
2026-04-22T15:46:46.120201+0000 | INFO | src.rapport_excel:68 | Application des divers formatages pour la feuille Données Par Produit
2026-04-22T15:46:46.120960+0000 | INFO | src.rapport_excel:67 | Calcule de la largeur des cellules automatquement
2026-04-22T15:46:46.121121+0000 | INFO | src.rapport_excel:68 | Application des divers formatages pour la feuille Données Par Produit
2026-04-22T15:46:46.121836+0000 | INFO | src.rapport_excel:67 | Calcule de la largeur des cellules automatquement
2026-04-22T15:46:46.121988+0000 | INFO | src.rapport_excel:68 | Application des divers formatages pour la feuille Données Par Produit
2026-04-22T15:46:46.122693+0000 | INFO | src.rapport_excel:67 | Calcule de la largeur des cellules automatquement
2026-04-22T15:46:46.122845+0000 | INFO | src.rapport_excel:68 | Application des divers formatages pour la feuille Données Par Produit
2026-04-22T15:46:46.123541+0000 | INFO | src.rapport_excel:67 | Calcule de la largeur des cellules automatquement
2026-04-22T15:46:46.123692+0000 | INFO | src.rapport_excel:68 | Application des divers formatages pour la feuille Données Par Produit
2026-04-22T15:46:46.124380+0000 | INFO | src.rapport_excel:67 | Calcule de la largeur des cellules automatquement
2026-04-22T15:46:46.124532+0000 | INFO | src.rapport_excel:68 | Application des divers formatages pour la feuille Données Par Produit
2026-04-22T15:46:46.125496+0000 | INFO | src.rapport_excel:48 | Création de la feuille Données Par Région
2026-04-22T15:46:46.128192+0000 | INFO | src.rapport_excel:54 | Application de la mise en forme du header pour la feuille Données Par Région
2026-04-22T15:46:46.128560+0000 | INFO | src.rapport_excel:57 | Application de l'auto filtre sur la feuille Données Par Région
2026-04-22T15:46:46.128780+0000 | INFO | src.rapport_excel:60 | Fixation du header pour la feuille Données Par Région
2026-04-22T15:46:46.130312+0000 | INFO | src.rapport_excel:67 | Calcule de la largeur des cellules automatquement
2026-04-22T15:46:46.130567+0000 | INFO | src.rapport_excel:68 | Application des divers formatages pour la feuille Données Par Région
2026-04-22T15:46:46.131596+0000 | INFO | src.rapport_excel:67 | Calcule de la largeur des cellules automatquement
2026-04-22T15:46:46.131770+0000 | INFO | src.rapport_excel:68 | Application des divers formatages pour la feuille Données Par Région
2026-04-22T15:46:46.132501+0000 | INFO | src.rapport_excel:67 | Calcule de la largeur des cellules automatquement
2026-04-22T15:46:46.132646+0000 | INFO | src.rapport_excel:68 | Application des divers formatages pour la feuille Données Par Région
2026-04-22T15:46:46.133347+0000 | INFO | src.rapport_excel:67 | Calcule de la largeur des cellules automatquement
2026-04-22T15:46:46.133488+0000 | INFO | src.rapport_excel:68 | Application des divers formatages pour la feuille Données Par Région
2026-04-22T15:46:46.134191+0000 | INFO | src.rapport_excel:67 | Calcule de la largeur des cellules automatquement
2026-04-22T15:46:46.134333+0000 | INFO | src.rapport_excel:68 | Application des divers formatages pour la feuille Données Par Région
2026-04-22T15:46:46.135038+0000 | INFO | src.rapport_excel:67 | Calcule de la largeur des cellules automatquement
2026-04-22T15:46:46.135179+0000 | INFO | src.rapport_excel:68 | Application des divers formatages pour la feuille Données Par Région
2026-04-22T15:46:46.135726+0000 | INFO | src.rapport_excel:48 | Création de la feuille Données Par Jour
2026-04-22T15:46:46.137268+0000 | INFO | src.rapport_excel:54 | Application de la mise en forme du header pour la feuille Données Par Jour
2026-04-22T15:46:46.137470+0000 | INFO | src.rapport_excel:57 | Application de l'auto filtre sur la feuille Données Par Jour
2026-04-22T15:46:46.137601+0000 | INFO | src.rapport_excel:60 | Fixation du header pour la feuille Données Par Jour
2026-04-22T15:46:46.138291+0000 | INFO | src.rapport_excel:67 | Calcule de la largeur des cellules automatquement
2026-04-22T15:46:46.138430+0000 | INFO | src.rapport_excel:68 | Application des divers formatages pour la feuille Données Par Jour
2026-04-22T15:46:46.139086+0000 | INFO | src.rapport_excel:67 | Calcule de la largeur des cellules automatquement
2026-04-22T15:46:46.139222+0000 | INFO | src.rapport_excel:68 | Application des divers formatages pour la feuille Données Par Jour
2026-04-22T15:46:46.139909+0000 | INFO | src.rapport_excel:67 | Calcule de la largeur des cellules automatquement
2026-04-22T15:46:46.140094+0000 | INFO | src.rapport_excel:68 | Application des divers formatages pour la feuille Données Par Jour
2026-04-22T15:46:46.140871+0000 | INFO | src.rapport_excel:67 | Calcule de la largeur des cellules automatquement
2026-04-22T15:46:46.141033+0000 | INFO | src.rapport_excel:68 | Application des divers formatages pour la feuille Données Par Jour
2026-04-22T15:46:46.141709+0000 | INFO | src.rapport_excel:67 | Calcule de la largeur des cellules automatquement
2026-04-22T15:46:46.141863+0000 | INFO | src.rapport_excel:68 | Application des divers formatages pour la feuille Données Par Jour
2026-04-22T15:46:46.143329+0000 | INFO | src.rapport_excel:67 | Calcule de la largeur des cellules automatquement
2026-04-22T15:46:46.143715+0000 | INFO | src.rapport_excel:68 | Application des divers formatages pour la feuille Données Par Jour
2026-04-22T15:46:46.145262+0000 | INFO | src.rapport_excel:67 | Calcule de la largeur des cellules automatquement
2026-04-22T15:46:46.145600+0000 | INFO | src.rapport_excel:68 | Application des divers formatages pour la feuille Données Par Jour
2026-04-22T15:46:46.336457+0000 | SUCCESS | src.rapport_excel:187 | Fichier de rapport Excel crée avec succée à : rapport_excel\rapport_excel_ventes_janvier_22-04-2026_15-46.xlsx
