2026-04-21T16:30:10.074247+0000 | INFO | src.logger:21 | Fichier de logs crée avec succée début du traitement du pipeline
2026-04-21T16:30:10.074639+0000 | INFO | src.extract:20 | Début de l'extraction des données depuis la data base
2026-04-21T16:30:11.188456+0000 | INFO | src.extract:24 | testing connection !
2026-04-21T16:30:11.355305+0000 | SUCCESS | src.extract:26 | ✅ Connexion à la base de donnée éffectué avec succée
2026-04-21T16:30:11.355917+0000 | INFO | src.extract:28 | ✅ Extraction des données depuis la base reussi
2026-04-21T16:30:11.372362+0000 | INFO | src.clean_data:12 | Début du néttoyage des données brutes reçus
2026-04-21T16:30:11.387805+0000 | INFO | src.clean_data:14 | Copie des données brutes reçu effectué
2026-04-21T16:30:11.426964+0000 | INFO | src.features:11 | Début des features pour l'enrichissement du dataframe
2026-04-21T16:30:11.450328+0000 | INFO | src.features:30 | Fini avec les features
2026-04-21T16:30:11.450662+0000 | INFO | src.analysis.analysis_produit:12 | Début des aggrégations par produits
2026-04-21T16:30:11.472377+0000 | INFO | src.analysis.analysis_produit:29 | Aggrégations par produits éffectué avec succées
2026-04-21T16:30:11.472703+0000 | INFO | src.analysis.analysis_region:13 | Début des aggrégations par régions
2026-04-21T16:30:11.480284+0000 | INFO | src.analysis.analysis_region:30 | Aggrégations par régions éffectué avec succées
2026-04-21T16:30:11.480625+0000 | INFO | src.analysis.analysis_jours:11 | Début des aggrégations par jous
2026-04-21T16:30:11.487706+0000 | INFO | src.analysis.analysis_jours:29 | Aggrégations par jours éffectué avec succées
2026-04-21T16:30:11.488661+0000 | INFO | src.rapport_excel:16 | Lancement de la fonction de génération du rapport
2026-04-21T16:30:11.619634+0000 | INFO | src.rapport_excel:18 | Création du contexte manager et création du fichier Excel
2026-04-21T16:30:11.619999+0000 | INFO | src.rapport_excel:48 | Création de la feuille Données Brutes
2026-04-21T16:30:11.653442+0000 | INFO | src.rapport_excel:54 | Application de la mise en forme du header pour la feuille Données Brutes
2026-04-21T16:30:11.653880+0000 | INFO | src.rapport_excel:57 | Application de l'auto filtre sur la feuille Données Brutes
2026-04-21T16:30:11.654130+0000 | INFO | src.rapport_excel:60 | Fixation du header pour la feuille Données Brutes
2026-04-21T16:30:11.654354+0000 | INFO | src.rapport_excel:48 | Création de la feuille Données Néttoyées
2026-04-21T16:30:11.691387+0000 | INFO | src.rapport_excel:54 | Application de la mise en forme du header pour la feuille Données Néttoyées
2026-04-21T16:30:11.691649+0000 | INFO | src.rapport_excel:57 | Application de l'auto filtre sur la feuille Données Néttoyées
2026-04-21T16:30:11.691783+0000 | INFO | src.rapport_excel:60 | Fixation du header pour la feuille Données Néttoyées
2026-04-21T16:30:11.692871+0000 | INFO | src.rapport_excel:67 | Calcule de la largeur des cellules automatquement
2026-04-21T16:30:11.693015+0000 | INFO | src.rapport_excel:68 | Application des divers formatages pour la feuille Données Néttoyées
