2026-04-22T17:28:54.252813+0000 | INFO | src.logger:21 | Fichier de logs crée avec succée début du traitement du pipeline
2026-04-22T17:28:54.253238+0000 | INFO | src.extract:20 | Début de l'extraction des données depuis la data base
2026-04-22T17:28:54.347766+0000 | INFO | src.extract:24 | testing connection !
2026-04-22T17:28:54.362590+0000 | SUCCESS | src.extract:26 | ✅ Connexion à la base de donnée éffectué avec succée
2026-04-22T17:28:54.363019+0000 | INFO | src.extract:28 | ✅ Extraction des données depuis la base reussi
2026-04-22T17:28:54.375165+0000 | INFO | src.clean_data:12 | Début du néttoyage des données brutes reçus
2026-04-22T17:28:54.377876+0000 | INFO | src.clean_data:14 | Copie des données brutes reçu effectué
2026-04-22T17:28:54.405593+0000 | INFO | src.clean_data:32 | Création du fichier csv des données propres avec succée : clean_data_ventes_janvier_22-04-2026_17-28.csv
2026-04-22T17:28:54.405955+0000 | INFO | src.features:11 | Début des features pour l'enrichissement du dataframe
2026-04-22T17:28:54.410781+0000 | INFO | src.features:30 | Fini avec les features
2026-04-22T17:28:54.411008+0000 | INFO | src.analysis.analysis_produit:12 | Début des aggrégations par produits
2026-04-22T17:28:54.417153+0000 | INFO | src.analysis.analysis_produit:29 | Aggrégations par produits éffectué avec succées
2026-04-22T17:28:54.417386+0000 | INFO | src.analysis.analysis_region:13 | Début des aggrégations par régions
2026-04-22T17:28:54.421554+0000 | INFO | src.analysis.analysis_region:30 | Aggrégations par régions éffectué avec succées
2026-04-22T17:28:54.421754+0000 | INFO | src.analysis.analysis_jours:11 | Début des aggrégations par jous
2026-04-22T17:28:54.425760+0000 | INFO | src.analysis.analysis_jours:29 | Aggrégations par jours éffectué avec succées
2026-04-22T17:28:54.426299+0000 | INFO | src.rapport_excel:16 | Lancement de la fonction de génération du rapport
2026-04-22T17:28:54.514214+0000 | INFO | src.rapport_excel:18 | Création du contexte manager et création du fichier Excel
2026-04-22T17:28:54.514582+0000 | INFO | src.rapport_excel:48 | Création de la feuille Données Brutes
2026-04-22T17:28:54.548199+0000 | INFO | src.rapport_excel:54 | Application de la mise en forme du header pour la feuille Données Brutes
2026-04-22T17:28:54.548501+0000 | INFO | src.rapport_excel:57 | Application de l'auto filtre sur la feuille Données Brutes
2026-04-22T17:28:54.548649+0000 | INFO | src.rapport_excel:60 | Fixation du header pour la feuille Données Brutes
2026-04-22T17:28:54.548781+0000 | INFO | src.rapport_excel:48 | Création de la feuille Données Néttoyées
2026-04-22T17:28:54.609436+0000 | INFO | src.rapport_excel:54 | Application de la mise en forme du header pour la feuille Données Néttoyées
2026-04-22T17:28:54.609711+0000 | INFO | src.rapport_excel:57 | Application de l'auto filtre sur la feuille Données Néttoyées
2026-04-22T17:28:54.609845+0000 | INFO | src.rapport_excel:60 | Fixation du header pour la feuille Données Néttoyées
2026-04-22T17:28:54.610949+0000 | INFO | src.rapport_excel:67 | Calcule de la largeur des cellules automatquement
2026-04-22T17:28:54.611190+0000 | INFO | src.rapport_excel:68 | Application des divers formatages pour la feuille Données Néttoyées
2026-04-22T17:28:54.615344+0000 | INFO | src.rapport_excel:67 | Calcule de la largeur des cellules automatquement
2026-04-22T17:28:54.615667+0000 | INFO | src.rapport_excel:68 | Application des divers formatages pour la feuille Données Néttoyées
2026-04-22T17:28:54.617134+0000 | INFO | src.rapport_excel:67 | Calcule de la largeur des cellules automatquement
2026-04-22T17:28:54.617503+0000 | INFO | src.rapport_excel:68 | Application des divers formatages pour la feuille Données Néttoyées
2026-04-22T17:28:54.619188+0000 | INFO | src.rapport_excel:67 | Calcule de la largeur des cellules automatquement
2026-04-22T17:28:54.619468+0000 | INFO | src.rapport_excel:68 | Application des divers formatages pour la feuille Données Néttoyées
2026-04-22T17:28:54.620396+0000 | INFO | src.rapport_excel:67 | Calcule de la largeur des cellules automatquement
2026-04-22T17:28:54.620611+0000 | INFO | src.rapport_excel:68 | Application des divers formatages pour la feuille Données Néttoyées
2026-04-22T17:28:54.621931+0000 | INFO | src.rapport_excel:67 | Calcule de la largeur des cellules automatquement
2026-04-22T17:28:54.622171+0000 | INFO | src.rapport_excel:68 | Application des divers formatages pour la feuille Données Néttoyées
2026-04-22T17:28:54.623484+0000 | INFO | src.rapport_excel:67 | Calcule de la largeur des cellules automatquement
2026-04-22T17:28:54.623663+0000 | INFO | src.rapport_excel:68 | Application des divers formatages pour la feuille Données Néttoyées
2026-04-22T17:28:54.624354+0000 | INFO | src.rapport_excel:67 | Calcule de la largeur des cellules automatquement
2026-04-22T17:28:54.624506+0000 | INFO | src.rapport_excel:68 | Application des divers formatages pour la feuille Données Néttoyées
2026-04-22T17:28:54.625361+0000 | INFO | src.rapport_excel:67 | Calcule de la largeur des cellules automatquement
2026-04-22T17:28:54.625513+0000 | INFO | src.rapport_excel:68 | Application des divers formatages pour la feuille Données Néttoyées
2026-04-22T17:28:54.626304+0000 | INFO | src.rapport_excel:67 | Calcule de la largeur des cellules automatquement
2026-04-22T17:28:54.626470+0000 | INFO | src.rapport_excel:68 | Application des divers formatages pour la feuille Données Néttoyées
2026-04-22T17:28:54.627378+0000 | INFO | src.rapport_excel:67 | Calcule de la largeur des cellules automatquement
2026-04-22T17:28:54.627532+0000 | INFO | src.rapport_excel:68 | Application des divers formatages pour la feuille Données Néttoyées
2026-04-22T17:28:54.630150+0000 | INFO | src.rapport_excel:67 | Calcule de la largeur des cellules automatquement
2026-04-22T17:28:54.630514+0000 | INFO | src.rapport_excel:68 | Application des divers formatages pour la feuille Données Néttoyées
2026-04-22T17:28:54.632115+0000 | INFO | src.rapport_excel:48 | Création de la feuille Données Par Produit
2026-04-22T17:28:54.634347+0000 | INFO | src.rapport_excel:54 | Application de la mise en forme du header pour la feuille Données Par Produit
2026-04-22T17:28:54.634893+0000 | INFO | src.rapport_excel:57 | Application de l'auto filtre sur la feuille Données Par Produit
2026-04-22T17:28:54.635136+0000 | INFO | src.rapport_excel:60 | Fixation du header pour la feuille Données Par Produit
2026-04-22T17:28:54.636216+0000 | INFO | src.rapport_excel:67 | Calcule de la largeur des cellules automatquement
2026-04-22T17:28:54.636379+0000 | INFO | src.rapport_excel:68 | Application des divers formatages pour la feuille Données Par Produit
2026-04-22T17:28:54.637091+0000 | INFO | src.rapport_excel:67 | Calcule de la largeur des cellules automatquement
2026-04-22T17:28:54.637247+0000 | INFO | src.rapport_excel:68 | Application des divers formatages pour la feuille Données Par Produit
2026-04-22T17:28:54.638050+0000 | INFO | src.rapport_excel:67 | Calcule de la largeur des cellules automatquement
2026-04-22T17:28:54.638209+0000 | INFO | src.rapport_excel:68 | Application des divers formatages pour la feuille Données Par Produit
2026-04-22T17:28:54.638899+0000 | INFO | src.rapport_excel:67 | Calcule de la largeur des cellules automatquement
2026-04-22T17:28:54.639052+0000 | INFO | src.rapport_excel:68 | Application des divers formatages pour la feuille Données Par Produit
2026-04-22T17:28:54.639750+0000 | INFO | src.rapport_excel:67 | Calcule de la largeur des cellules automatquement
2026-04-22T17:28:54.639902+0000 | INFO | src.rapport_excel:68 | Application des divers formatages pour la feuille Données Par Produit
2026-04-22T17:28:54.640585+0000 | INFO | src.rapport_excel:67 | Calcule de la largeur des cellules automatquement
2026-04-22T17:28:54.640736+0000 | INFO | src.rapport_excel:68 | Application des divers formatages pour la feuille Données Par Produit
2026-04-22T17:28:54.642227+0000 | INFO | src.rapport_excel:48 | Création de la feuille Données Par Région
2026-04-22T17:28:54.643760+0000 | INFO | src.rapport_excel:54 | Application de la mise en forme du header pour la feuille Données Par Région
2026-04-22T17:28:54.643980+0000 | INFO | src.rapport_excel:57 | Application de l'auto filtre sur la feuille Données Par Région
2026-04-22T17:28:54.644124+0000 | INFO | src.rapport_excel:60 | Fixation du header pour la feuille Données Par Région
2026-04-22T17:28:54.648815+0000 | INFO | src.rapport_excel:67 | Calcule de la largeur des cellules automatquement
2026-04-22T17:28:54.649587+0000 | INFO | src.rapport_excel:68 | Application des divers formatages pour la feuille Données Par Région
2026-04-22T17:28:54.651010+0000 | INFO | src.rapport_excel:67 | Calcule de la largeur des cellules automatquement
2026-04-22T17:28:54.651226+0000 | INFO | src.rapport_excel:68 | Application des divers formatages pour la feuille Données Par Région
2026-04-22T17:28:54.652717+0000 | INFO | src.rapport_excel:67 | Calcule de la largeur des cellules automatquement
2026-04-22T17:28:54.652953+0000 | INFO | src.rapport_excel:68 | Application des divers formatages pour la feuille Données Par Région
2026-04-22T17:28:54.653814+0000 | INFO | src.rapport_excel:67 | Calcule de la largeur des cellules automatquement
2026-04-22T17:28:54.653979+0000 | INFO | src.rapport_excel:68 | Application des divers formatages pour la feuille Données Par Région
2026-04-22T17:28:54.654678+0000 | INFO | src.rapport_excel:67 | Calcule de la largeur des cellules automatquement
2026-04-22T17:28:54.654831+0000 | INFO | src.rapport_excel:68 | Application des divers formatages pour la feuille Données Par Région
2026-04-22T17:28:54.655510+0000 | INFO | src.rapport_excel:67 | Calcule de la largeur des cellules automatquement
2026-04-22T17:28:54.655661+0000 | INFO | src.rapport_excel:68 | Application des divers formatages pour la feuille Données Par Région
2026-04-22T17:28:54.656244+0000 | INFO | src.rapport_excel:48 | Création de la feuille Données Par Jour
2026-04-22T17:28:54.657921+0000 | INFO | src.rapport_excel:54 | Application de la mise en forme du header pour la feuille Données Par Jour
2026-04-22T17:28:54.658160+0000 | INFO | src.rapport_excel:57 | Application de l'auto filtre sur la feuille Données Par Jour
2026-04-22T17:28:54.658302+0000 | INFO | src.rapport_excel:60 | Fixation du header pour la feuille Données Par Jour
2026-04-22T17:28:54.659052+0000 | INFO | src.rapport_excel:67 | Calcule de la largeur des cellules automatquement
2026-04-22T17:28:54.659207+0000 | INFO | src.rapport_excel:68 | Application des divers formatages pour la feuille Données Par Jour
2026-04-22T17:28:54.659894+0000 | INFO | src.rapport_excel:67 | Calcule de la largeur des cellules automatquement
2026-04-22T17:28:54.660045+0000 | INFO | src.rapport_excel:68 | Application des divers formatages pour la feuille Données Par Jour
2026-04-22T17:28:54.660731+0000 | INFO | src.rapport_excel:67 | Calcule de la largeur des cellules automatquement
2026-04-22T17:28:54.660882+0000 | INFO | src.rapport_excel:68 | Application des divers formatages pour la feuille Données Par Jour
2026-04-22T17:28:54.663767+0000 | INFO | src.rapport_excel:67 | Calcule de la largeur des cellules automatquement
2026-04-22T17:28:54.664318+0000 | INFO | src.rapport_excel:68 | Application des divers formatages pour la feuille Données Par Jour
2026-04-22T17:28:54.666977+0000 | INFO | src.rapport_excel:67 | Calcule de la largeur des cellules automatquement
2026-04-22T17:28:54.667196+0000 | INFO | src.rapport_excel:68 | Application des divers formatages pour la feuille Données Par Jour
2026-04-22T17:28:54.668002+0000 | INFO | src.rapport_excel:67 | Calcule de la largeur des cellules automatquement
2026-04-22T17:28:54.668156+0000 | INFO | src.rapport_excel:68 | Application des divers formatages pour la feuille Données Par Jour
2026-04-22T17:28:54.668918+0000 | INFO | src.rapport_excel:67 | Calcule de la largeur des cellules automatquement
2026-04-22T17:28:54.669070+0000 | INFO | src.rapport_excel:68 | Application des divers formatages pour la feuille Données Par Jour
2026-04-22T17:28:54.961355+0000 | SUCCESS | src.rapport_excel:221 | Fichier de rapport Excel crée avec succée à : rapport_excel\rapport_excel_ventes_janvier_22-04-2026_17-28.xlsx
