2026-04-22T22:16:30.800035+0000 | INFO | src.logger:21 | Fichier de logs crée avec succée début du traitement du pipeline
2026-04-22T22:16:30.800401+0000 | INFO | src.extract:20 | Début de l'extraction des données depuis la data base
2026-04-22T22:16:30.912147+0000 | INFO | src.extract:24 | testing connection !
2026-04-22T22:16:30.927174+0000 | SUCCESS | src.extract:26 | ✅ Connexion à la base de donnée éffectué avec succée
2026-04-22T22:16:30.927580+0000 | INFO | src.extract:28 | ✅ Extraction des données depuis la base reussi
2026-04-22T22:16:30.939258+0000 | INFO | src.clean_data:12 | Début du néttoyage des données brutes reçus
2026-04-22T22:16:30.942114+0000 | INFO | src.clean_data:14 | Copie des données brutes reçu effectué
2026-04-22T22:16:30.968131+0000 | INFO | src.clean_data:32 | Création du fichier csv des données propres avec succée : clean_data_ventes_janvier_22-04-2026_22-16.csv
2026-04-22T22:16:30.968471+0000 | INFO | src.features:11 | Début des features pour l'enrichissement du dataframe
2026-04-22T22:16:30.975073+0000 | INFO | src.features:30 | Fini avec les features
2026-04-22T22:16:30.975304+0000 | INFO | src.analysis.analysis_produit:12 | Début des aggrégations par produits
2026-04-22T22:16:30.980474+0000 | INFO | src.analysis.analysis_produit:29 | Aggrégations par produits éffectué avec succées
2026-04-22T22:16:30.980676+0000 | INFO | src.analysis.analysis_region:13 | Début des aggrégations par régions
2026-04-22T22:16:30.984825+0000 | INFO | src.analysis.analysis_region:30 | Aggrégations par régions éffectué avec succées
2026-04-22T22:16:30.985018+0000 | INFO | src.analysis.analysis_jours:11 | Début des aggrégations par jous
2026-04-22T22:16:30.990748+0000 | INFO | src.analysis.analysis_jours:29 | Aggrégations par jours éffectué avec succées
2026-04-22T22:16:30.991292+0000 | INFO | src.rapport_excel:16 | Lancement de la fonction de génération du rapport
2026-04-22T22:16:31.070754+0000 | INFO | src.rapport_excel:18 | Création du contexte manager et création du fichier Excel
2026-04-22T22:16:31.071164+0000 | INFO | src.rapport_excel:48 | Création de la feuille Données Brutes
2026-04-22T22:16:31.102909+0000 | INFO | src.rapport_excel:54 | Application de la mise en forme du header pour la feuille Données Brutes
2026-04-22T22:16:31.103224+0000 | INFO | src.rapport_excel:57 | Application de l'auto filtre sur la feuille Données Brutes
2026-04-22T22:16:31.103401+0000 | INFO | src.rapport_excel:60 | Fixation du header pour la feuille Données Brutes
2026-04-22T22:16:31.103574+0000 | INFO | src.rapport_excel:48 | Création de la feuille Données Néttoyées
2026-04-22T22:16:31.139985+0000 | INFO | src.rapport_excel:54 | Application de la mise en forme du header pour la feuille Données Néttoyées
2026-04-22T22:16:31.140273+0000 | INFO | src.rapport_excel:57 | Application de l'auto filtre sur la feuille Données Néttoyées
2026-04-22T22:16:31.140435+0000 | INFO | src.rapport_excel:60 | Fixation du header pour la feuille Données Néttoyées
2026-04-22T22:16:31.141595+0000 | INFO | src.rapport_excel:67 | Calcule de la largeur des cellules automatquement
2026-04-22T22:16:31.141747+0000 | INFO | src.rapport_excel:68 | Application des divers formatages pour la feuille Données Néttoyées
2026-04-22T22:16:31.142454+0000 | INFO | src.rapport_excel:67 | Calcule de la largeur des cellules automatquement
2026-04-22T22:16:31.142597+0000 | INFO | src.rapport_excel:68 | Application des divers formatages pour la feuille Données Néttoyées
2026-04-22T22:16:31.143250+0000 | INFO | src.rapport_excel:67 | Calcule de la largeur des cellules automatquement
2026-04-22T22:16:31.143389+0000 | INFO | src.rapport_excel:68 | Application des divers formatages pour la feuille Données Néttoyées
2026-04-22T22:16:31.144127+0000 | INFO | src.rapport_excel:67 | Calcule de la largeur des cellules automatquement
2026-04-22T22:16:31.144264+0000 | INFO | src.rapport_excel:68 | Application des divers formatages pour la feuille Données Néttoyées
2026-04-22T22:16:31.145053+0000 | INFO | src.rapport_excel:67 | Calcule de la largeur des cellules automatquement
2026-04-22T22:16:31.145255+0000 | INFO | src.rapport_excel:68 | Application des divers formatages pour la feuille Données Néttoyées
2026-04-22T22:16:31.145993+0000 | INFO | src.rapport_excel:67 | Calcule de la largeur des cellules automatquement
2026-04-22T22:16:31.146130+0000 | INFO | src.rapport_excel:68 | Application des divers formatages pour la feuille Données Néttoyées
2026-04-22T22:16:31.146996+0000 | INFO | src.rapport_excel:67 | Calcule de la largeur des cellules automatquement
2026-04-22T22:16:31.147136+0000 | INFO | src.rapport_excel:68 | Application des divers formatages pour la feuille Données Néttoyées
2026-04-22T22:16:31.147739+0000 | INFO | src.rapport_excel:67 | Calcule de la largeur des cellules automatquement
2026-04-22T22:16:31.147875+0000 | INFO | src.rapport_excel:68 | Application des divers formatages pour la feuille Données Néttoyées
2026-04-22T22:16:31.148591+0000 | INFO | src.rapport_excel:67 | Calcule de la largeur des cellules automatquement
2026-04-22T22:16:31.148729+0000 | INFO | src.rapport_excel:68 | Application des divers formatages pour la feuille Données Néttoyées
2026-04-22T22:16:31.149433+0000 | INFO | src.rapport_excel:67 | Calcule de la largeur des cellules automatquement
2026-04-22T22:16:31.149570+0000 | INFO | src.rapport_excel:68 | Application des divers formatages pour la feuille Données Néttoyées
2026-04-22T22:16:31.150271+0000 | INFO | src.rapport_excel:67 | Calcule de la largeur des cellules automatquement
2026-04-22T22:16:31.150407+0000 | INFO | src.rapport_excel:68 | Application des divers formatages pour la feuille Données Néttoyées
2026-04-22T22:16:31.151226+0000 | INFO | src.rapport_excel:67 | Calcule de la largeur des cellules automatquement
2026-04-22T22:16:31.151363+0000 | INFO | src.rapport_excel:68 | Application des divers formatages pour la feuille Données Néttoyées
2026-04-22T22:16:31.151697+0000 | INFO | src.rapport_excel:48 | Création de la feuille Données Par Produit
2026-04-22T22:16:31.153098+0000 | INFO | src.rapport_excel:54 | Application de la mise en forme du header pour la feuille Données Par Produit
2026-04-22T22:16:31.153343+0000 | INFO | src.rapport_excel:57 | Application de l'auto filtre sur la feuille Données Par Produit
2026-04-22T22:16:31.153528+0000 | INFO | src.rapport_excel:60 | Fixation du header pour la feuille Données Par Produit
2026-04-22T22:16:31.154496+0000 | INFO | src.rapport_excel:67 | Calcule de la largeur des cellules automatquement
2026-04-22T22:16:31.154702+0000 | INFO | src.rapport_excel:68 | Application des divers formatages pour la feuille Données Par Produit
2026-04-22T22:16:31.155497+0000 | INFO | src.rapport_excel:67 | Calcule de la largeur des cellules automatquement
2026-04-22T22:16:31.155647+0000 | INFO | src.rapport_excel:68 | Application des divers formatages pour la feuille Données Par Produit
2026-04-22T22:16:31.156328+0000 | INFO | src.rapport_excel:67 | Calcule de la largeur des cellules automatquement
2026-04-22T22:16:31.156470+0000 | INFO | src.rapport_excel:68 | Application des divers formatages pour la feuille Données Par Produit
2026-04-22T22:16:31.157124+0000 | INFO | src.rapport_excel:67 | Calcule de la largeur des cellules automatquement
2026-04-22T22:16:31.157273+0000 | INFO | src.rapport_excel:68 | Application des divers formatages pour la feuille Données Par Produit
2026-04-22T22:16:31.157916+0000 | INFO | src.rapport_excel:67 | Calcule de la largeur des cellules automatquement
2026-04-22T22:16:31.158054+0000 | INFO | src.rapport_excel:68 | Application des divers formatages pour la feuille Données Par Produit
2026-04-22T22:16:31.158704+0000 | INFO | src.rapport_excel:67 | Calcule de la largeur des cellules automatquement
2026-04-22T22:16:31.158841+0000 | INFO | src.rapport_excel:68 | Application des divers formatages pour la feuille Données Par Produit
2026-04-22T22:16:31.159741+0000 | INFO | src.rapport_excel:48 | Création de la feuille Données Par Région
2026-04-22T22:16:31.161341+0000 | INFO | src.rapport_excel:54 | Application de la mise en forme du header pour la feuille Données Par Région
2026-04-22T22:16:31.161532+0000 | INFO | src.rapport_excel:57 | Application de l'auto filtre sur la feuille Données Par Région
2026-04-22T22:16:31.161659+0000 | INFO | src.rapport_excel:60 | Fixation du header pour la feuille Données Par Région
2026-04-22T22:16:31.162380+0000 | INFO | src.rapport_excel:67 | Calcule de la largeur des cellules automatquement
2026-04-22T22:16:31.162518+0000 | INFO | src.rapport_excel:68 | Application des divers formatages pour la feuille Données Par Région
2026-04-22T22:16:31.163144+0000 | INFO | src.rapport_excel:67 | Calcule de la largeur des cellules automatquement
2026-04-22T22:16:31.163279+0000 | INFO | src.rapport_excel:68 | Application des divers formatages pour la feuille Données Par Région
2026-04-22T22:16:31.163889+0000 | INFO | src.rapport_excel:67 | Calcule de la largeur des cellules automatquement
2026-04-22T22:16:31.164023+0000 | INFO | src.rapport_excel:68 | Application des divers formatages pour la feuille Données Par Région
2026-04-22T22:16:31.164637+0000 | INFO | src.rapport_excel:67 | Calcule de la largeur des cellules automatquement
2026-04-22T22:16:31.164770+0000 | INFO | src.rapport_excel:68 | Application des divers formatages pour la feuille Données Par Région
2026-04-22T22:16:31.165376+0000 | INFO | src.rapport_excel:67 | Calcule de la largeur des cellules automatquement
2026-04-22T22:16:31.165510+0000 | INFO | src.rapport_excel:68 | Application des divers formatages pour la feuille Données Par Région
2026-04-22T22:16:31.166118+0000 | INFO | src.rapport_excel:67 | Calcule de la largeur des cellules automatquement
2026-04-22T22:16:31.166252+0000 | INFO | src.rapport_excel:68 | Application des divers formatages pour la feuille Données Par Région
2026-04-22T22:16:31.166755+0000 | INFO | src.rapport_excel:48 | Création de la feuille Données Par Jour
2026-04-22T22:16:31.168111+0000 | INFO | src.rapport_excel:54 | Application de la mise en forme du header pour la feuille Données Par Jour
2026-04-22T22:16:31.168275+0000 | INFO | src.rapport_excel:57 | Application de l'auto filtre sur la feuille Données Par Jour
2026-04-22T22:16:31.168410+0000 | INFO | src.rapport_excel:60 | Fixation du header pour la feuille Données Par Jour
2026-04-22T22:16:31.169044+0000 | INFO | src.rapport_excel:67 | Calcule de la largeur des cellules automatquement
2026-04-22T22:16:31.169183+0000 | INFO | src.rapport_excel:68 | Application des divers formatages pour la feuille Données Par Jour
2026-04-22T22:16:31.169798+0000 | INFO | src.rapport_excel:67 | Calcule de la largeur des cellules automatquement
2026-04-22T22:16:31.169933+0000 | INFO | src.rapport_excel:68 | Application des divers formatages pour la feuille Données Par Jour
2026-04-22T22:16:31.170688+0000 | INFO | src.rapport_excel:67 | Calcule de la largeur des cellules automatquement
2026-04-22T22:16:31.170834+0000 | INFO | src.rapport_excel:68 | Application des divers formatages pour la feuille Données Par Jour
2026-04-22T22:16:31.171456+0000 | INFO | src.rapport_excel:67 | Calcule de la largeur des cellules automatquement
2026-04-22T22:16:31.171591+0000 | INFO | src.rapport_excel:68 | Application des divers formatages pour la feuille Données Par Jour
2026-04-22T22:16:31.172200+0000 | INFO | src.rapport_excel:67 | Calcule de la largeur des cellules automatquement
2026-04-22T22:16:31.172335+0000 | INFO | src.rapport_excel:68 | Application des divers formatages pour la feuille Données Par Jour
2026-04-22T22:16:31.172943+0000 | INFO | src.rapport_excel:67 | Calcule de la largeur des cellules automatquement
2026-04-22T22:16:31.173078+0000 | INFO | src.rapport_excel:68 | Application des divers formatages pour la feuille Données Par Jour
2026-04-22T22:16:31.173694+0000 | INFO | src.rapport_excel:67 | Calcule de la largeur des cellules automatquement
2026-04-22T22:16:31.173828+0000 | INFO | src.rapport_excel:68 | Application des divers formatages pour la feuille Données Par Jour
2026-04-22T22:16:31.322845+0000 | SUCCESS | src.rapport_excel:235 | Fichier de rapport Excel crée avec succée à : rapport_excel\rapport_excel_ventes_janvier_22-04-2026_22-16.xlsx
